[debug] [2018-12-26T00:41:58.577Z] ----------------------------------------------------------------------
[debug] [2018-12-26T00:41:58.579Z] Command:       C:\Program Files\nodejs\node.exe C:\Users\Vincent\AppData\Roaming\npm\node_modules\firebase-tools\lib\bin\firebase.js init
[debug] [2018-12-26T00:41:58.579Z] CLI Version:   6.2.2
[debug] [2018-12-26T00:41:58.579Z] Platform:      win32
[debug] [2018-12-26T00:41:58.579Z] Node Version:  v8.12.0
[debug] [2018-12-26T00:41:58.579Z] Time:          Tue Dec 25 2018 16:41:58 GMT-0800 (Pacific Standard Time)
[debug] [2018-12-26T00:41:58.579Z] ----------------------------------------------------------------------
[debug] 
[debug] [2018-12-26T00:41:58.594Z] > command requires scopes: ["email","openid","https://www.googleapis.com/auth/cloudplatformprojects.readonly","https://www.googleapis.com/auth/firebase","https://www.googleapis.com/auth/cloud-platform"]
[debug] [2018-12-26T00:41:58.595Z] > authorizing via signed-in user
[info] 
     ######## #### ########  ######## ########     ###     ######  ########
     ##        ##  ##     ## ##       ##     ##  ##   ##  ##       ##
     ######    ##  ########  ######   ########  #########  ######  ######
     ##        ##  ##    ##  ##       ##     ## ##     ##       ## ##
     ##       #### ##     ## ######## ########  ##     ##  ######  ########

You're about to initialize a Firebase project in this directory:

  C:\Users\Vincent\Desktop\15puzzle

[info] 
=== Project Setup
[info] 
[info] First, let's associate this project directory with a Firebase project.
[info] You can create multiple project aliases by running firebase use --add, 
[info] but for now we'll just set up a default project.
[info] 
[debug] [2018-12-26T00:42:03.664Z] >>> HTTP REQUEST GET https://firebase.googleapis.com/v1beta1/projects?page_size=100  
 
[debug] [2018-12-26T00:42:04.090Z] <<< HTTP RESPONSE 200
